
Compra realizada el dia: 20/11/2020 20:51:30
Detalles de la compra:
Marca: Philips
Modelo: ModeloTV1
Precio: 30000
Tipo: LedTv
Pulgadas: 55
----------------------------------
Compra realizada el dia: 20/11/2020 20:51:30
Detalles de la compra:
Marca: Oster
Modelo: ModeloCafetera1
Precio: 19000
Tipo: Comun
----------------------------------
Compra realizada el dia: 20/11/2020 20:51:30
Detalles de la compra:
Marca: Philips
Modelo: ModeloTV2
Precio: 70000
Tipo: SmartTv
Pulgadas: 70
----------------------------------
Compra realizada el dia: 20/11/2020 20:51:31
Detalles de la compra:
Marca: Oster
Modelo: ModeloCafetera1
Precio: 22113
Tipo: Comun
----------------------------------
Compra realizada el dia: 21/11/2020 14:01:59
Detalles de la compra:
Marca: Philips
Modelo: ModeloTV1
Precio: 123
Tipo: LedTv
Pulgadas: 55
----------------------------------
Compra realizada el dia: 21/11/2020 14:01:59
Detalles de la compra:
Marca: Philips
Modelo: ModeloTV1
Precio: 3321
Tipo: LedTv
Pulgadas: 55
----------------------------------
Compra realizada el dia: 21/11/2020 14:02:10
Detalles de la compra:
Marca: Philips
Modelo: ModeloTV1
Precio: 123
Tipo: LedTv
Pulgadas: 55
----------------------------------
Compra realizada el dia: 21/11/2020 14:02:10
Detalles de la compra:
Marca: Philips
Modelo: ModeloTV1
Precio: 3321
Tipo: LedTv
Pulgadas: 55
----------------------------------
Compra realizada el dia: 21/11/2020 14:58:43
Detalles de la compra:
Marca: Oster
Modelo: ModeloCafetera1
Precio: 1234
Tipo: Comun
----------------------------------
Compra realizada el dia: 21/11/2020 14:58:43
Detalles de la compra:
Marca: Philips
Modelo: ModeloTV2
Precio: 3321
Tipo: SmartTv
Pulgadas: 70
----------------------------------
Compra realizada el dia: 21/11/2020 14:58:43
Detalles de la compra:
Marca: Philips
Modelo: ModeloTV1
Precio: 123
Tipo: LedTv
Pulgadas: 55
----------------------------------
Compra realizada el dia: 21/11/2020 14:59:12
Detalles de la compra:
Marca: Oster
Modelo: ModeloCafetera1
Precio: 1234
Tipo: Comun
----------------------------------
Compra realizada el dia: 21/11/2020 14:59:12
Detalles de la compra:
Marca: Philips
Modelo: ModeloTV2
Precio: 3321
Tipo: SmartTv
Pulgadas: 70
----------------------------------
Compra realizada el dia: 21/11/2020 14:59:12
Detalles de la compra:
Marca: Philips
Modelo: ModeloTV1
Precio: 123
Tipo: LedTv
Pulgadas: 55
----------------------------------
Compra realizada el dia: 21/11/2020 15:08:56
Detalles de la compra:
Marca: Oster
Modelo: ModeloCafetera1
Precio: 1234
Tipo: Comun
----------------------------------
Compra realizada el dia: 21/11/2020 15:21:19
Detalles de la compra:
Marca: Philips
Modelo: ModeloTV1
Precio: 123
Tipo: LedTv
Pulgadas: 55
----------------------------------
Compra realizada el dia: 21/11/2020 15:27:50
Detalles de la compra:
Marca: Philips
Modelo: ModeloTV1
Precio: 123
Tipo: LedTv
Pulgadas: 55
----------------------------------
Compra realizada el dia: 21/11/2020 15:27:51
Detalles de la compra:
Marca: Oster
Modelo: ModeloCafetera1
Precio: 1234
Tipo: Comun
----------------------------------
Compra realizada el dia: 21/11/2020 15:31:57
Detalles de la compra:
Marca: Philips
Modelo: ModeloTV1
Precio: 123
Tipo: LedTv
Pulgadas: 55
----------------------------------
Compra realizada el dia: 21/11/2020 15:31:57
Detalles de la compra:
Marca: Oster
Modelo: ModeloCafetera1
Precio: 1234
Tipo: Comun
----------------------------------
Compra realizada el dia: 21/11/2020 16:01:14
Detalles de la compra:
Marca: Philips
Modelo: ModeloTV1
Precio: 123
Tipo: LedTv
Pulgadas: 55
----------------------------------
Compra realizada el dia: 21/11/2020 16:02:23
Detalles de la compra:
Marca: Philips
Modelo: ModeloTV1
Precio: 123
Tipo: LedTv
Pulgadas: 55
----------------------------------
Compra realizada el dia: 21/11/2020 16:03:14
Detalles de la compra:
Marca: Philips
Modelo: ModeloTV1
Precio: 123
Tipo: LedTv
Pulgadas: 55
----------------------------------
Compra realizada el dia: 21/11/2020 16:21:26
Detalles de la compra:
Marca: Philips
Modelo: ModeloTV1
Precio: 123
Tipo: LedTv
Pulgadas: 55
----------------------------------
Compra realizada el dia: 21/11/2020 16:21:26
Detalles de la compra:
Marca: Philips
Modelo: ModeloTV2
Precio: 3321
Tipo: SmartTv
Pulgadas: 70
----------------------------------
Compra realizada el dia: 21/11/2020 16:27:54
Detalles de la compra:
Marca: Philips
Modelo: ModeloTV1
Precio: 123
Tipo: LedTv
Pulgadas: 55
----------------------------------
Compra realizada el dia: 21/11/2020 16:27:54
Detalles de la compra:
Marca: Philips
Modelo: ModeloTV2
Precio: 3321
Tipo: SmartTv
Pulgadas: 70
----------------------------------
Compra realizada el dia: 21/11/2020 16:35:44
Detalles de la compra:
Marca: Philips
Modelo: ModeloTV1
Precio: 123
Tipo: LedTv
Pulgadas: 55
----------------------------------
Compra realizada el dia: 21/11/2020 16:35:44
Detalles de la compra:
Marca: Oster
Modelo: ModeloCafetera1
Precio: 1234
Tipo: Comun
----------------------------------
Compra realizada el dia: 21/11/2020 17:48:15
Detalles de la compra:
Marca: Philips
Modelo: ModeloTV1
Precio: 123
Tipo: LedTv
Pulgadas: 55
----------------------------------
Compra realizada el dia: 21/11/2020 17:48:15
Detalles de la compra:
Marca: Philips
Modelo: ModeloTV2
Precio: 3321
Tipo: SmartTv
Pulgadas: 70
----------------------------------
Compra realizada el dia: 21/11/2020 18:21:04
Detalles de la compra:
Marca: Philips
Modelo: ModeloTV1
Precio: 123
Tipo: LedTv
Pulgadas: 55
----------------------------------
Compra realizada el dia: 21/11/2020 18:21:04
Detalles de la compra:
Marca: Oster
Modelo: ModeloCafetera1
Precio: 1234
Tipo: Comun
----------------------------------
Compra realizada el dia: 21/11/2020 20:00:08
Detalles de la compra:
Marca: Philips
Modelo: ModeloTV1
Precio: 123
Tipo: LedTv
Pulgadas: 55
----------------------------------
Compra realizada el dia: 21/11/2020 20:00:08
Detalles de la compra:
Marca: Philips
Modelo: ModeloTV2
Precio: 3321
Tipo: SmartTv
Pulgadas: 70
----------------------------------
Compra realizada el dia: 22/11/2020 12:15:04
Detalles de la compra:
Marca: Philips
Modelo: ModeloTV1
Precio: 123
Tipo: LedTv
Pulgadas: 55
----------------------------------
Compra realizada el dia: 22/11/2020 12:15:04
Detalles de la compra:
Marca: Philips
Modelo: ModeloCafetera2
Precio: 33211
Tipo: Express
----------------------------------
Compra realizada el dia: 22/11/2020 12:18:37
Detalles de la compra:
Marca: Philips
Modelo: ModeloTV1
Precio: 123
Tipo: LedTv
Pulgadas: 55
----------------------------------
Compra realizada el dia: 22/11/2020 12:18:37
Detalles de la compra:
Marca: Philips
Modelo: ModeloTV2
Precio: 3321
Tipo: SmartTv
Pulgadas: 70
----------------------------------
Compra realizada el dia: 22/11/2020 12:18:37
Detalles de la compra:
Marca: Philips
Modelo: ModeloCafetera2
Precio: 33211
Tipo: Express
----------------------------------
Compra realizada el dia: 22/11/2020 12:19:30
Detalles de la compra:
Marca: Philips
Modelo: ModeloTV1
Precio: 123
Tipo: LedTv
Pulgadas: 55
----------------------------------
Compra realizada el dia: 22/11/2020 12:19:30
Detalles de la compra:
Marca: Philips
Modelo: ModeloTV2
Precio: 3321
Tipo: SmartTv
Pulgadas: 70
----------------------------------
Compra realizada el dia: 22/11/2020 12:19:30
Detalles de la compra:
Marca: Oster
Modelo: ModeloCafetera1
Precio: 3321
Tipo: Comun
----------------------------------
Compra realizada el dia: 22/11/2020 12:19:30
Detalles de la compra:
Marca: Philips
Modelo: ModeloCafetera2
Precio: 33211
Tipo: Express
----------------------------------
Compra realizada el dia: 22/11/2020 12:20:00
Detalles de la compra:
Marca: Philips
Modelo: ModeloTV1
Precio: 123
Tipo: LedTv
Pulgadas: 55
----------------------------------
Compra realizada el dia: 22/11/2020 12:20:00
Detalles de la compra:
Marca: Philips
Modelo: ModeloTV2
Precio: 3321
Tipo: SmartTv
Pulgadas: 70
----------------------------------
Compra realizada el dia: 22/11/2020 12:20:00
Detalles de la compra:
Marca: Oster
Modelo: ModeloCafetera1
Precio: 3321
Tipo: Comun
----------------------------------
Compra realizada el dia: 22/11/2020 12:20:01
Detalles de la compra:
Marca: Philips
Modelo: ModeloCafetera2
Precio: 33211
Tipo: Express
----------------------------------
Compra realizada el dia: 22/11/2020 12:20:36
Detalles de la compra:
Marca: Philips
Modelo: ModeloTV1
Precio: 123
Tipo: LedTv
Pulgadas: 55
----------------------------------
Compra realizada el dia: 22/11/2020 12:20:36
Detalles de la compra:
Marca: Oster
Modelo: ModeloCafetera1
Precio: 3321
Tipo: Comun
----------------------------------
Compra realizada el dia: 22/11/2020 12:20:36
Detalles de la compra:
Marca: Philips
Modelo: ModeloCafetera2
Precio: 33211
Tipo: Express
----------------------------------
Compra realizada el dia: 22/11/2020 12:20:36
Detalles de la compra:
Marca: Philips
Modelo: ModeloTV2
Precio: 3321
Tipo: SmartTv
Pulgadas: 70
----------------------------------
Compra realizada el dia: 22/11/2020 12:31:15
Detalles de la compra:
Marca: Philips
Modelo: ModeloTV1
Precio: 123
Tipo: LedTv
Pulgadas: 55
----------------------------------
Compra realizada el dia: 22/11/2020 12:31:15
Detalles de la compra:
Marca: Philips
Modelo: ModeloTV2
Precio: 3321
Tipo: SmartTv
Pulgadas: 70
----------------------------------
Compra realizada el dia: 22/11/2020 12:31:15
Detalles de la compra:
Marca: Philips
Modelo: ModeloCafetera2
Precio: 33211
Tipo: Express
----------------------------------
Compra realizada el dia: 22/11/2020 12:31:15
Detalles de la compra:
Marca: Oster
Modelo: ModeloCafetera1
Precio: 3321
Tipo: Comun
----------------------------------
Compra realizada el dia: 22/11/2020 12:40:45
Detalles de la compra:
Marca: Philips
Modelo: ModeloTV1
Precio: 123
Tipo: LedTv
Pulgadas: 55
----------------------------------
Compra realizada el dia: 22/11/2020 12:41:12
Detalles de la compra:
Marca: Philips
Modelo: ModeloCafetera2
Precio: 33211
Tipo: Express
----------------------------------
Compra realizada el dia: 22/11/2020 12:41:12
Detalles de la compra:
Marca: Philips
Modelo: ModeloTV1
Precio: 123
Tipo: LedTv
Pulgadas: 55
----------------------------------
Compra realizada el dia: 22/11/2020 15:41:26
Detalles de la compra:
Marca: Philips
Modelo: ModeloTV1
Precio: 33221
Tipo: LedTv
Pulgadas: 55
----------------------------------
Compra realizada el dia: 22/11/2020 15:41:26
Detalles de la compra:
Marca: Oster
Modelo: ModeloCafetera1
Precio: 3321
Tipo: Comun
----------------------------------
Compra realizada el dia: 22/11/2020 15:42:25
Detalles de la compra:
Marca: Philips
Modelo: ModeloTV2
Precio: 123
Tipo: SmartTv
Pulgadas: 70
----------------------------------
Compra realizada el dia: 22/11/2020 15:42:25
Detalles de la compra:
Marca: Oster
Modelo: ModeloCafetera1
Precio: 3321
Tipo: Comun
----------------------------------
Compra realizada el dia: 22/11/2020 15:51:42
Detalles de la compra:
Marca: Philips
Modelo: ModeloTV1
Precio: 123
Tipo: LedTv
Pulgadas: 55
----------------------------------
Compra realizada el dia: 22/11/2020 15:51:42
Detalles de la compra:
Marca: Philips
Modelo: ModeloTV1
Precio: 33221
Tipo: LedTv
Pulgadas: 55
----------------------------------
Compra realizada el dia: 22/11/2020 15:52:26
Detalles de la compra:
Marca: Philips
Modelo: ModeloTV1
Precio: 333441
Tipo: LedTv
Pulgadas: 55
----------------------------------
Compra realizada el dia: 22/11/2020 16:22:36
Detalles de la compra:
Marca: Oster
Modelo: ModeloCafetera1
Precio: 233312
Tipo: Comun
----------------------------------
Compra realizada el dia: 22/11/2020 16:22:36
Detalles de la compra:
Marca: Oster
Modelo: ModeloTV2
Precio: 655534
Tipo: SmartTv
Pulgadas: 70
----------------------------------
Compra realizada el dia: 22/11/2020 16:22:36
Detalles de la compra:
Marca: Oster
Modelo: ModeloCafetera1
Precio: 333221184
Tipo: Comun
----------------------------------
Compra realizada el dia: 22/11/2020 16:22:36
Detalles de la compra:
Marca: Oster
Modelo: ModeloCafetera2
Precio: 333212
Tipo: Express
----------------------------------
Compra realizada el dia: 22/11/2020 16:22:36
Detalles de la compra:
Marca: Philips
Modelo: ModeloTV1
Precio: 333441
Tipo: LedTv
Pulgadas: 55
----------------------------------
Compra realizada el dia: 22/11/2020 16:22:36
Detalles de la compra:
Marca: Philips
Modelo: ModeloCafetera2
Precio: 33211
Tipo: Express
----------------------------------
Compra realizada el dia: 22/11/2020 16:22:36
Detalles de la compra:
Marca: Oster
Modelo: ModeloCafetera1
Precio: 3321
Tipo: Comun
----------------------------------
Compra realizada el dia: 22/11/2020 16:22:36
Detalles de la compra:
Marca: Philips
Modelo: ModeloTV2
Precio: 123
Tipo: SmartTv
Pulgadas: 70
----------------------------------
Compra realizada el dia: 22/11/2020 16:22:36
Detalles de la compra:
Marca: Philips
Modelo: ModeloTV1
Precio: 33221
Tipo: LedTv
Pulgadas: 55
----------------------------------
Compra realizada el dia: 22/11/2020 16:22:36
Detalles de la compra:
Marca: Philips
Modelo: ModeloTV1
Precio: 123
Tipo: LedTv
Pulgadas: 55
----------------------------------
Compra realizada el dia: 22/11/2020 16:41:23
Detalles de la compra:
Marca: Philips
Modelo: ModeloTV1
Precio: 123
Tipo: LedTv
Pulgadas: 55
----------------------------------
Compra realizada el dia: 22/11/2020 16:41:23
Detalles de la compra:
Marca: Philips
Modelo: ModeloTV2
Precio: 123
Tipo: SmartTv
Pulgadas: 70
----------------------------------
Compra realizada el dia: 22/11/2020 16:41:23
Detalles de la compra:
Marca: Philips
Modelo: ModeloCafetera2
Precio: 33211
Tipo: Express
----------------------------------
Compra realizada el dia: 22/11/2020 16:44:09
Detalles de la compra:
Marca: Philips
Modelo: ModeloTV1
Precio: 33221
Tipo: LedTv
Pulgadas: 55
----------------------------------
Compra realizada el dia: 22/11/2020 16:44:09
Detalles de la compra:
Marca: Philips
Modelo: ModeloTV1
Precio: 123
Tipo: LedTv
Pulgadas: 55
----------------------------------
Compra realizada el dia: 22/11/2020 17:23:49
Detalles de la compra:
Marca: Philips
Modelo: ModeloTV1
Precio: 123
Tipo: LedTv
Pulgadas: 55
----------------------------------
Compra realizada el dia: 22/11/2020 17:23:49
Detalles de la compra:
Marca: Oster
Modelo: ModeloCafetera1
Precio: 3321
Tipo: Comun
----------------------------------
Compra realizada el dia: 22/11/2020 17:23:49
Detalles de la compra:
Marca: Oster
Modelo: ModeloCafetera1
Precio: 333221184
Tipo: Comun
----------------------------------
Compra realizada el dia: 22/11/2020 20:20:59
Detalles de la compra:
Marca: Philips
Modelo: ModeloTV1
Precio: 123
Tipo: LedTv
Pulgadas: 55
----------------------------------
Compra realizada el dia: 22/11/2020 20:20:59
Detalles de la compra:
Marca: Philips
Modelo: ModeloTV1
Precio: 33221
Tipo: LedTv
Pulgadas: 55
----------------------------------
Compra realizada el dia: 22/11/2020 20:26:33
Detalles de la compra:
Marca: Philips
Modelo: ModeloTV2
Precio: 123
Tipo: SmartTv
Pulgadas: 70
----------------------------------
Compra realizada el dia: 22/11/2020 20:26:33
Detalles de la compra:
Marca: Oster
Modelo: ModeloCafetera1
Precio: 333221184
Tipo: Comun
----------------------------------
Compra realizada el dia: 25/11/2020 19:27:38
Detalles de la compra:
Marca: Philips
Modelo: ModeloTV1
Precio: 33221
Tipo: LedTv
Pulgadas: 55
----------------------------------
Compra realizada el dia: 25/11/2020 19:37:14
Detalles de la compra:
Marca: Philips
Modelo: ModeloTV1
Precio: 123
Tipo: LedTv
Pulgadas: 55
----------------------------------
Compra realizada el dia: 25/11/2020 19:37:14
Detalles de la compra:
Marca: Philips
Modelo: ModeloTV1
Precio: 33221
Tipo: LedTv
Pulgadas: 55
----------------------------------
Compra realizada el dia: 25/11/2020 19:57:52
Detalles de la compra:
Marca: Philips
Modelo: ModeloTV1
Precio: 123
Tipo: LedTv
Pulgadas: 55
----------------------------------
Compra realizada el dia: 25/11/2020 19:57:52
Detalles de la compra:
Marca: Philips
Modelo: ModeloTV1
Precio: 123
Tipo: LedTv
Pulgadas: 55
----------------------------------
Compra realizada el dia: 25/11/2020 20:02:27
Detalles de la compra:
Marca: Philips
Modelo: ModeloTV2
Precio: 123
Tipo: SmartTv
Pulgadas: 70
----------------------------------
Compra realizada el dia: 25/11/2020 20:02:27
Detalles de la compra:
Marca: Philips
Modelo: ModeloTV1
Precio: 123
Tipo: LedTv
Pulgadas: 55
----------------------------------
Compra realizada el dia: 25/11/2020 20:02:27
Detalles de la compra:
Marca: Philips
Modelo: ModeloTV1
Precio: 33221
Tipo: LedTv
Pulgadas: 55
----------------------------------
Compra realizada el dia: 25/11/2020 20:04:50
Detalles de la compra:
Marca: Philips
Modelo: ModeloTV2
Precio: 123
Tipo: SmartTv
Pulgadas: 70
----------------------------------
Compra realizada el dia: 25/11/2020 20:04:50
Detalles de la compra:
Marca: Philips
Modelo: ModeloTV2
Precio: 6661
Tipo: SmartTv
Pulgadas: 70
----------------------------------
Compra realizada el dia: 12/7/2021 02:56:59
Detalles de la compra:
Marca: Philips
Modelo: ModeloTV2
Precio: 56
Tipo: SmartTv
Pulgadas: 70
----------------------------------
Compra realizada el dia: 12/7/2021 02:56:59
Detalles de la compra:
Marca: Philips
Modelo: ModeloCafetera1
Precio: 654
Tipo: Comun
----------------------------------
Compra realizada el dia: 12/7/2021 03:48:58
Detalles de la compra:
Marca: Philips
Modelo: ModeloTV2
Precio: 56
Tipo: SmartTv
Pulgadas: 70
----------------------------------
Compra realizada el dia: 12/7/2021 03:48:58
Detalles de la compra:
Marca: Philips
Modelo: ModeloCafetera1
Precio: 654
Tipo: Comun
----------------------------------
Compra realizada el dia: 12/7/2021 03:48:58
Detalles de la compra:
Marca: Oster
Modelo: ModeloTV1
Precio: 54
Tipo: LedTv
Pulgadas: 55
----------------------------------
Compra realizada el dia: 12/7/2021 04:36:33
Detalles de la compra:
Marca: Oster
Modelo: ModeloTV2
Precio: 7524
Tipo: SmartTv
Pulgadas: 70
----------------------------------
Compra realizada el dia: 12/7/2021 04:36:33
Detalles de la compra:
Marca: Philips
Modelo: ModeloCafetera1
Precio: 64
Tipo: Comun
----------------------------------
Compra realizada el dia: 12/7/2021 04:36:33
Detalles de la compra:
Marca: Oster
Modelo: ModeloTV1
Precio: 867
Tipo: LedTv
Pulgadas: 55
----------------------------------
Compra realizada el dia: 12/7/2021 05:24:27
Detalles de la compra:
Marca: Oster
Modelo: ModeloTV2
Precio: 7524
Tipo: SmartTv
Pulgadas: 70
----------------------------------
Compra realizada el dia: 12/7/2021 05:26:17
Detalles de la compra:
Marca: Philips
Modelo: ModeloCafetera2
Precio: 452
Tipo: Express
----------------------------------
Compra realizada el dia: 12/7/2021 05:55:28
Detalles de la compra:
Marca: Philips
Modelo: ModeloCafetera1
Precio: 64
Tipo: Comun
----------------------------------
Compra realizada el dia: 12/7/2021 05:55:28
Detalles de la compra:
Marca: Oster
Modelo: ModeloTV1
Precio: 867
Tipo: LedTv
Pulgadas: 55
----------------------------------
Compra realizada el dia: 12/7/2021 05:55:28
Detalles de la compra:
Marca: Philips
Modelo: ModeloTV2
Precio: 453
Tipo: SmartTv
Pulgadas: 70
----------------------------------
Compra realizada el dia: 12/7/2021 05:55:28
Detalles de la compra:
Marca: Philips
Modelo: ModeloCafetera2
Precio: 56
Tipo: Express
----------------------------------
Compra realizada el dia: 12/7/2021 05:56:06
Detalles de la compra:
Marca: Philips
Modelo: ModeloTV2
Precio: 453
Tipo: SmartTv
Pulgadas: 70
----------------------------------
Compra realizada el dia: 12/7/2021 05:56:06
Detalles de la compra:
Marca: Oster
Modelo: ModeloTV1
Precio: 867
Tipo: LedTv
Pulgadas: 55
----------------------------------
Compra realizada el dia: 12/7/2021 05:56:06
Detalles de la compra:
Marca: Philips
Modelo: ModeloCafetera2
Precio: 56
Tipo: Express
----------------------------------
Compra realizada el dia: 12/7/2021 05:57:39
Detalles de la compra:
Marca: Oster
Modelo: ModeloTV1
Precio: 74
Tipo: LedTv
Pulgadas: 55
----------------------------------
Compra realizada el dia: 12/7/2021 05:57:39
Detalles de la compra:
Marca: Oster
Modelo: ModeloCafetera1
Precio: 54
Tipo: Comun
----------------------------------
Compra realizada el dia: 12/7/2021 05:57:39
Detalles de la compra:
Marca: Philips
Modelo: ModeloCafetera2
Precio: 55
Tipo: Express
----------------------------------
Compra realizada el dia: 12/7/2021 05:57:39
Detalles de la compra:
Marca: Oster
Modelo: ModeloTV2
Precio: 75
Tipo: SmartTv
Pulgadas: 70
----------------------------------
Compra realizada el dia: 12/7/2021 06:37:09
Detalles de la compra:
Marca: Philips
Modelo: ModeloCafetera2
Precio: 55
Tipo: Express
----------------------------------
Compra realizada el dia: 12/7/2021 06:37:09
Detalles de la compra:
Marca: Philips
Modelo: ModeloCafetera1
Precio: 45
Tipo: Comun
----------------------------------
Compra realizada el dia: 12/7/2021 06:38:56
Detalles de la compra:
Marca: Philips
Modelo: ModeloCafetera2
Precio: 55
Tipo: Express
----------------------------------
Compra realizada el dia: 12/7/2021 06:41:22
Detalles de la compra:
Marca: Oster
Modelo: ModeloTV2
Precio: 46645
Tipo: SmartTv
Pulgadas: 70
----------------------------------
Compra realizada el dia: 12/7/2021 06:43:23
Detalles de la compra:
Marca: Philips
Modelo: ModeloCafetera2
Precio: 55
Tipo: Express
----------------------------------
Compra realizada el dia: 12/7/2021 06:43:23
Detalles de la compra:
Marca: Philips
Modelo: ModeloTV1
Precio: 4566
Tipo: LedTv
Pulgadas: 55
----------------------------------
Compra realizada el dia: 12/7/2021 06:43:23
Detalles de la compra:
Marca: Philips
Modelo: ModeloCafetera1
Precio: 45
Tipo: Comun
----------------------------------
Compra realizada el dia: 12/7/2021 06:52:51
Detalles de la compra:
Marca: Philips
Modelo: ModeloCafetera2
Precio: 55
Tipo: Express
----------------------------------
Compra realizada el dia: 12/7/2021 06:52:51
Detalles de la compra:
Marca: Philips
Modelo: ModeloTV1
Precio: 4565
Tipo: LedTv
Pulgadas: 55
----------------------------------
Compra realizada el dia: 12/7/2021 06:52:51
Detalles de la compra:
Marca: Philips
Modelo: ModeloCafetera1
Precio: 14
Tipo: Comun
----------------------------------
Compra realizada el dia: 12/7/2021 06:59:09
Detalles de la compra:
Marca: Philips
Modelo: ModeloCafetera2
Precio: 55
Tipo: Express
----------------------------------
Compra realizada el dia: 12/7/2021 06:59:09
Detalles de la compra:
Marca: Philips
Modelo: ModeloTV1
Precio: 2103
Tipo: LedTv
Pulgadas: 55
----------------------------------
Compra realizada el dia: 12/7/2021 07:06:59
Detalles de la compra:
Marca: Oster
Modelo: ModeloTV2
Precio: 46645
Tipo: SmartTv
Pulgadas: 70
----------------------------------
Compra realizada el dia: 12/7/2021 07:06:59
Detalles de la compra:
Marca: Oster
Modelo: ModeloTV1
Precio: 46456
Tipo: LedTv
Pulgadas: 55
----------------------------------
Compra realizada el dia: 12/7/2021 07:08:36
Detalles de la compra:
Marca: Oster
Modelo: ModeloTV1
Precio: 46456
Tipo: LedTv
Pulgadas: 55
----------------------------------
Compra realizada el dia: 12/7/2021 07:08:36
Detalles de la compra:
Marca: Oster
Modelo: ModeloTV2
Precio: 56456
Tipo: SmartTv
Pulgadas: 70
----------------------------------
Compra realizada el dia: 12/7/2021 07:09:47
Detalles de la compra:
Marca: Oster
Modelo: ModeloTV2
Precio: 56456
Tipo: SmartTv
Pulgadas: 70
----------------------------------
Compra realizada el dia: 12/7/2021 07:09:47
Detalles de la compra:
Marca: Philips
Modelo: ModeloTV1
Precio: 45651
Tipo: LedTv
Pulgadas: 55
----------------------------------
Compra realizada el dia: 12/7/2021 07:11:18
Detalles de la compra:
Marca: Philips
Modelo: ModeloTV1
Precio: 45651
Tipo: LedTv
Pulgadas: 55
----------------------------------
Compra realizada el dia: 12/7/2021 07:13:13
Detalles de la compra:
Marca: Philips
Modelo: ModeloCafetera1
Precio: 546
Tipo: Comun
----------------------------------
Compra realizada el dia: 12/7/2021 07:13:13
Detalles de la compra:
Marca: Philips
Modelo: ModeloCafetera2
Precio: 55
Tipo: Express
----------------------------------
Compra realizada el dia: 12/7/2021 07:16:45
Detalles de la compra:
Marca: Philips
Modelo: ModeloCafetera1
Precio: 546
Tipo: Comun
----------------------------------
Compra realizada el dia: 12/7/2021 07:16:45
Detalles de la compra:
Marca: Philips
Modelo: ModeloCafetera2
Precio: 55
Tipo: Express
----------------------------------
Compra realizada el dia: 12/7/2021 07:21:52
Detalles de la compra:
Marca: Philips
Modelo: ModeloTV2
Precio: 5436546
Tipo: SmartTv
Pulgadas: 70
----------------------------------
Compra realizada el dia: 12/7/2021 07:21:52
Detalles de la compra:
Marca: Oster
Modelo: ModeloTV1
Precio: 54645
Tipo: LedTv
Pulgadas: 55
----------------------------------
Compra realizada el dia: 12/7/2021 07:26:17
Detalles de la compra:
Marca: Philips
Modelo: ModeloTV2
Precio: 45645
Tipo: SmartTv
Pulgadas: 70
----------------------------------
Compra realizada el dia: 12/7/2021 07:26:17
Detalles de la compra:
Marca: Philips
Modelo: ModeloTV2
Precio: 23635
Tipo: SmartTv
Pulgadas: 70
----------------------------------
Compra realizada el dia: 12/7/2021 07:27:15
Detalles de la compra:
Marca: Philips
Modelo: ModeloCafetera1
Precio: 45
Tipo: Comun
----------------------------------
Compra realizada el dia: 12/7/2021 07:27:15
Detalles de la compra:
Marca: Oster
Modelo: ModeloCafetera2
Precio: 54
Tipo: Express
----------------------------------
Compra realizada el dia: 12/7/2021 07:38:42
Detalles de la compra:
Marca: Philips
Modelo: ModeloTV2
Precio: 54565
Tipo: SmartTv
Pulgadas: 70
----------------------------------
Compra realizada el dia: 12/7/2021 07:38:42
Detalles de la compra:
Marca: Oster
Modelo: ModeloCafetera1
Precio: 44
Tipo: Comun
----------------------------------
Compra realizada el dia: 12/7/2021 07:43:03
Detalles de la compra:
Marca: Philips
Modelo: ModeloTV1
Precio: 45545
Tipo: LedTv
Pulgadas: 55
----------------------------------
Compra realizada el dia: 12/7/2021 07:43:03
Detalles de la compra:
Marca: Oster
Modelo: ModeloTV2
Precio: 21212
Tipo: SmartTv
Pulgadas: 70
----------------------------------
Compra realizada el dia: 12/7/2021 07:46:35
Detalles de la compra:
Marca: Philips
Modelo: ModeloTV1
Precio: 45545
Tipo: LedTv
Pulgadas: 55
----------------------------------
Compra realizada el dia: 12/7/2021 08:03:50
Detalles de la compra:
Marca: Philips
Modelo: ModeloTV1
Precio: 46546
Tipo: LedTv
Pulgadas: 55
----------------------------------
