Movimiento realizado el dia: 26/7/2021 00:28:38
Marca: Samsung
Modelo: ModeloTV1
Pulgadas: 45
Tipo: LedTv
----------------------------------
Movimiento realizado el dia: 26/7/2021 00:28:38
Marca: Alcatel
Modelo: ModeloCelular1
Pulgadas: 6,30000019073486
Tipo: Android
----------------------------------
Movimiento realizado el dia: 26/7/2021 00:35:35
Marca: Samsung
Modelo: ModeloTV1
Pulgadas: 45
Tipo: LedTv
----------------------------------
Movimiento realizado el dia: 26/7/2021 00:35:35
Marca: Alcatel
Modelo: ModeloCelular1
Pulgadas: 6,30000019073486
Tipo: Android
----------------------------------
Movimiento realizado el dia: 26/7/2021 00:54:35
Marca: Alcatel
Modelo: ModeloTV2
Pulgadas: 41
Tipo: SmartTv
----------------------------------
