
Compra realizada el dia: 12/7/2021 02:56:59
Detalles de la compra:
Marca: Philips
Modelo: ModeloTV2
Precio: 56
Tipo: SmartTv
Pulgadas: 70
----------------------------------
Compra realizada el dia: 12/7/2021 02:56:59
Detalles de la compra:
Marca: Philips
Modelo: ModeloCafetera1
Precio: 654
Tipo: Comun
----------------------------------
Compra realizada el dia: 12/7/2021 03:48:58
Detalles de la compra:
Marca: Philips
Modelo: ModeloTV2
Precio: 56
Tipo: SmartTv
Pulgadas: 70
----------------------------------
Compra realizada el dia: 12/7/2021 03:48:58
Detalles de la compra:
Marca: Philips
Modelo: ModeloCafetera1
Precio: 654
Tipo: Comun
----------------------------------
Compra realizada el dia: 12/7/2021 03:48:58
Detalles de la compra:
Marca: Oster
Modelo: ModeloTV1
Precio: 54
Tipo: LedTv
Pulgadas: 55
----------------------------------
Compra realizada el dia: 12/7/2021 04:36:33
Detalles de la compra:
Marca: Oster
Modelo: ModeloTV2
Precio: 7524
Tipo: SmartTv
Pulgadas: 70
----------------------------------
Compra realizada el dia: 12/7/2021 04:36:33
Detalles de la compra:
Marca: Philips
Modelo: ModeloCafetera1
Precio: 64
Tipo: Comun
----------------------------------
Compra realizada el dia: 12/7/2021 04:36:33
Detalles de la compra:
Marca: Oster
Modelo: ModeloTV1
Precio: 867
Tipo: LedTv
Pulgadas: 55
----------------------------------
Compra realizada el dia: 12/7/2021 05:24:27
Detalles de la compra:
Marca: Oster
Modelo: ModeloTV2
Precio: 7524
Tipo: SmartTv
Pulgadas: 70
----------------------------------
Compra realizada el dia: 12/7/2021 05:26:17
Detalles de la compra:
Marca: Philips
Modelo: ModeloCafetera2
Precio: 452
Tipo: Express
----------------------------------
Compra realizada el dia: 12/7/2021 05:55:28
Detalles de la compra:
Marca: Philips
Modelo: ModeloCafetera1
Precio: 64
Tipo: Comun
----------------------------------
Compra realizada el dia: 12/7/2021 05:55:28
Detalles de la compra:
Marca: Oster
Modelo: ModeloTV1
Precio: 867
Tipo: LedTv
Pulgadas: 55
----------------------------------
Compra realizada el dia: 12/7/2021 05:55:28
Detalles de la compra:
Marca: Philips
Modelo: ModeloTV2
Precio: 453
Tipo: SmartTv
Pulgadas: 70
----------------------------------
Compra realizada el dia: 12/7/2021 05:55:28
Detalles de la compra:
Marca: Philips
Modelo: ModeloCafetera2
Precio: 56
Tipo: Express
----------------------------------
Compra realizada el dia: 12/7/2021 05:56:06
Detalles de la compra:
Marca: Philips
Modelo: ModeloTV2
Precio: 453
Tipo: SmartTv
Pulgadas: 70
----------------------------------
Compra realizada el dia: 12/7/2021 05:56:06
Detalles de la compra:
Marca: Oster
Modelo: ModeloTV1
Precio: 867
Tipo: LedTv
Pulgadas: 55
----------------------------------
Compra realizada el dia: 12/7/2021 05:56:06
Detalles de la compra:
Marca: Philips
Modelo: ModeloCafetera2
Precio: 56
Tipo: Express
----------------------------------
Compra realizada el dia: 12/7/2021 05:57:39
Detalles de la compra:
Marca: Oster
Modelo: ModeloTV1
Precio: 74
Tipo: LedTv
Pulgadas: 55
----------------------------------
Compra realizada el dia: 12/7/2021 05:57:39
Detalles de la compra:
Marca: Oster
Modelo: ModeloCafetera1
Precio: 54
Tipo: Comun
----------------------------------
Compra realizada el dia: 12/7/2021 05:57:39
Detalles de la compra:
Marca: Philips
Modelo: ModeloCafetera2
Precio: 55
Tipo: Express
----------------------------------
Compra realizada el dia: 12/7/2021 05:57:39
Detalles de la compra:
Marca: Oster
Modelo: ModeloTV2
Precio: 75
Tipo: SmartTv
Pulgadas: 70
----------------------------------
Compra realizada el dia: 12/7/2021 06:37:09
Detalles de la compra:
Marca: Philips
Modelo: ModeloCafetera2
Precio: 55
Tipo: Express
----------------------------------
Compra realizada el dia: 12/7/2021 06:37:09
Detalles de la compra:
Marca: Philips
Modelo: ModeloCafetera1
Precio: 45
Tipo: Comun
----------------------------------
Compra realizada el dia: 12/7/2021 06:38:56
Detalles de la compra:
Marca: Philips
Modelo: ModeloCafetera2
Precio: 55
Tipo: Express
----------------------------------
Compra realizada el dia: 12/7/2021 06:41:22
Detalles de la compra:
Marca: Oster
Modelo: ModeloTV2
Precio: 46645
Tipo: SmartTv
Pulgadas: 70
----------------------------------
Compra realizada el dia: 12/7/2021 06:43:23
Detalles de la compra:
Marca: Philips
Modelo: ModeloCafetera2
Precio: 55
Tipo: Express
----------------------------------
Compra realizada el dia: 12/7/2021 06:43:23
Detalles de la compra:
Marca: Philips
Modelo: ModeloTV1
Precio: 4566
Tipo: LedTv
Pulgadas: 55
----------------------------------
Compra realizada el dia: 12/7/2021 06:43:23
Detalles de la compra:
Marca: Philips
Modelo: ModeloCafetera1
Precio: 45
Tipo: Comun
----------------------------------
Compra realizada el dia: 12/7/2021 06:52:51
Detalles de la compra:
Marca: Philips
Modelo: ModeloCafetera2
Precio: 55
Tipo: Express
----------------------------------
Compra realizada el dia: 12/7/2021 06:52:51
Detalles de la compra:
Marca: Philips
Modelo: ModeloTV1
Precio: 4565
Tipo: LedTv
Pulgadas: 55
----------------------------------
Compra realizada el dia: 12/7/2021 06:52:51
Detalles de la compra:
Marca: Philips
Modelo: ModeloCafetera1
Precio: 14
Tipo: Comun
----------------------------------
Compra realizada el dia: 12/7/2021 06:59:09
Detalles de la compra:
Marca: Philips
Modelo: ModeloCafetera2
Precio: 55
Tipo: Express
----------------------------------
Compra realizada el dia: 12/7/2021 06:59:09
Detalles de la compra:
Marca: Philips
Modelo: ModeloTV1
Precio: 2103
Tipo: LedTv
Pulgadas: 55
----------------------------------
Compra realizada el dia: 12/7/2021 07:06:59
Detalles de la compra:
Marca: Oster
Modelo: ModeloTV2
Precio: 46645
Tipo: SmartTv
Pulgadas: 70
----------------------------------
Compra realizada el dia: 12/7/2021 07:06:59
Detalles de la compra:
Marca: Oster
Modelo: ModeloTV1
Precio: 46456
Tipo: LedTv
Pulgadas: 55
----------------------------------
Compra realizada el dia: 12/7/2021 07:08:36
Detalles de la compra:
Marca: Oster
Modelo: ModeloTV1
Precio: 46456
Tipo: LedTv
Pulgadas: 55
----------------------------------
Compra realizada el dia: 12/7/2021 07:08:36
Detalles de la compra:
Marca: Oster
Modelo: ModeloTV2
Precio: 56456
Tipo: SmartTv
Pulgadas: 70
----------------------------------
Compra realizada el dia: 12/7/2021 07:09:47
Detalles de la compra:
Marca: Oster
Modelo: ModeloTV2
Precio: 56456
Tipo: SmartTv
Pulgadas: 70
----------------------------------
Compra realizada el dia: 12/7/2021 07:09:47
Detalles de la compra:
Marca: Philips
Modelo: ModeloTV1
Precio: 45651
Tipo: LedTv
Pulgadas: 55
----------------------------------
Compra realizada el dia: 12/7/2021 07:11:18
Detalles de la compra:
Marca: Philips
Modelo: ModeloTV1
Precio: 45651
Tipo: LedTv
Pulgadas: 55
----------------------------------
Compra realizada el dia: 12/7/2021 07:13:13
Detalles de la compra:
Marca: Philips
Modelo: ModeloCafetera1
Precio: 546
Tipo: Comun
----------------------------------
Compra realizada el dia: 12/7/2021 07:13:13
Detalles de la compra:
Marca: Philips
Modelo: ModeloCafetera2
Precio: 55
Tipo: Express
----------------------------------
Compra realizada el dia: 12/7/2021 07:16:45
Detalles de la compra:
Marca: Philips
Modelo: ModeloCafetera1
Precio: 546
Tipo: Comun
----------------------------------
Compra realizada el dia: 12/7/2021 07:16:45
Detalles de la compra:
Marca: Philips
Modelo: ModeloCafetera2
Precio: 55
Tipo: Express
----------------------------------
Compra realizada el dia: 12/7/2021 07:21:52
Detalles de la compra:
Marca: Philips
Modelo: ModeloTV2
Precio: 5436546
Tipo: SmartTv
Pulgadas: 70
----------------------------------
Compra realizada el dia: 12/7/2021 07:21:52
Detalles de la compra:
Marca: Oster
Modelo: ModeloTV1
Precio: 54645
Tipo: LedTv
Pulgadas: 55
----------------------------------
Compra realizada el dia: 12/7/2021 07:26:17
Detalles de la compra:
Marca: Philips
Modelo: ModeloTV2
Precio: 45645
Tipo: SmartTv
Pulgadas: 70
----------------------------------
Compra realizada el dia: 12/7/2021 07:26:17
Detalles de la compra:
Marca: Philips
Modelo: ModeloTV2
Precio: 23635
Tipo: SmartTv
Pulgadas: 70
----------------------------------
Compra realizada el dia: 12/7/2021 07:27:15
Detalles de la compra:
Marca: Philips
Modelo: ModeloCafetera1
Precio: 45
Tipo: Comun
----------------------------------
Compra realizada el dia: 12/7/2021 07:27:15
Detalles de la compra:
Marca: Oster
Modelo: ModeloCafetera2
Precio: 54
Tipo: Express
----------------------------------
Compra realizada el dia: 12/7/2021 07:38:42
Detalles de la compra:
Marca: Philips
Modelo: ModeloTV2
Precio: 54565
Tipo: SmartTv
Pulgadas: 70
----------------------------------
Compra realizada el dia: 12/7/2021 07:38:42
Detalles de la compra:
Marca: Oster
Modelo: ModeloCafetera1
Precio: 44
Tipo: Comun
----------------------------------
Compra realizada el dia: 12/7/2021 07:43:03
Detalles de la compra:
Marca: Philips
Modelo: ModeloTV1
Precio: 45545
Tipo: LedTv
Pulgadas: 55
----------------------------------
Compra realizada el dia: 12/7/2021 07:43:03
Detalles de la compra:
Marca: Oster
Modelo: ModeloTV2
Precio: 21212
Tipo: SmartTv
Pulgadas: 70
----------------------------------
Compra realizada el dia: 12/7/2021 07:46:35
Detalles de la compra:
Marca: Philips
Modelo: ModeloTV1
Precio: 45545
Tipo: LedTv
Pulgadas: 55
----------------------------------
Compra realizada el dia: 12/7/2021 08:03:50
Detalles de la compra:
Marca: Philips
Modelo: ModeloTV1
Precio: 46546
Tipo: LedTv
Pulgadas: 55
----------------------------------
